{"name":"Log","hostname":"yoshi-Laptop","pid":3204,"level":50,"version":"5.50.4","err":{"id":"2b8fe4d0-0815-11ee-89d6-b1c5ff9c8b1c","domain":"http://60.138.1.114:2368/","code":null,"name":"InternalServerError","statusCode":500,"level":"critical","message":"(Code: -4090)","context":"\"There was an error starting your server.\"","help":"\"Please use the error code above to search for a solution.\"","stack":"InternalServerError: (Code: -4090)\n    at Server.<anonymous> (C:\\work\\js\\ghost\\versions\\5.50.4\\core\\server\\GhostServer.js:95:34)\n    at Server.emit (node:events:513:28)\n    at emitErrorNT (node:net:1760:8)\n    at process.processTicksAndRejections (node:internal/process/task_queues:82:21)","hideStack":false},"msg":"(Code: -4090)","time":"2023-06-11T05:02:31.331Z","v":0}
{"name":"Log","hostname":"yoshi-Laptop","pid":3204,"level":40,"version":"5.50.4","msg":"Ghost is shutting down","time":"2023-06-11T05:02:31.332Z","v":0}
{"name":"Log","hostname":"yoshi-Laptop","pid":3204,"level":40,"version":"5.50.4","msg":"Ghost has shut down","time":"2023-06-11T05:02:31.333Z","v":0}
{"name":"Log","hostname":"yoshi-Laptop","pid":3204,"level":40,"version":"5.50.4","msg":"Ghost was running for a few seconds","time":"2023-06-11T05:02:31.334Z","v":0}
{"name":"Log","hostname":"yoshi-Laptop","pid":26912,"level":30,"version":"5.50.4","msg":"Ghost is running in development...","time":"2023-06-11T05:02:57.866Z","v":0}
{"name":"Log","hostname":"yoshi-Laptop","pid":26912,"level":30,"version":"5.50.4","msg":"Listening on: 127.0.0.1:2368","time":"2023-06-11T05:02:57.867Z","v":0}
{"name":"Log","hostname":"yoshi-Laptop","pid":26912,"level":30,"version":"5.50.4","msg":"Url configured as: http://60.138.1.114:2368/","time":"2023-06-11T05:02:57.868Z","v":0}
{"name":"Log","hostname":"yoshi-Laptop","pid":26912,"level":30,"version":"5.50.4","msg":"Ctrl+C to shut down","time":"2023-06-11T05:02:57.868Z","v":0}
{"name":"Log","hostname":"yoshi-Laptop","pid":26912,"level":30,"version":"5.50.4","msg":"Ghost server started in 0.788s","time":"2023-06-11T05:02:57.869Z","v":0}
{"name":"Log","hostname":"yoshi-Laptop","pid":26912,"level":30,"version":"5.50.4","msg":"Database is in a ready state.","time":"2023-06-11T05:02:58.051Z","v":0}
{"name":"Log","hostname":"yoshi-Laptop","pid":26912,"level":30,"version":"5.50.4","msg":"Ghost database ready in 0.972s","time":"2023-06-11T05:02:58.054Z","v":0}
{"name":"Log","hostname":"yoshi-Laptop","pid":26912,"level":50,"version":"5.50.4","err":{"id":"3c03c700-0815-11ee-aaf5-41466cbe44e6","domain":"http://60.138.1.114:2368/","code":"ENOENT","name":"InternalServerError","statusCode":500,"level":"critical","message":"Unable to activate the theme \"casper\".","stack":"Error: ENOENT: no such file or directory, copyfile 'C:\\work\\js\\ghost\\versions\\5.50.4\\core\\frontend\\src\\admin-auth\\index.html' -> 'C:\\work\\js\\ghost\\content\\public\\admin-auth\\index.html'\n    at Bridge.activateTheme (C:\\work\\js\\ghost\\versions\\5.50.4\\core\\bridge.js:76:27)","hideStack":false},"msg":"Unable to activate the theme \"casper\".","time":"2023-06-11T05:02:58.929Z","v":0}
{"name":"Log","hostname":"yoshi-Laptop","pid":26912,"level":30,"version":"5.50.4","msg":"Adding offloaded job to the queue","time":"2023-06-11T05:02:59.494Z","v":0}
{"name":"Log","hostname":"yoshi-Laptop","pid":26912,"level":30,"version":"5.50.4","msg":"Scheduling job mentions-email-report at 48 56 * * * *. Next run on: Sun Jun 11 2023 14:56:48 GMT+0900 (日本標準時)","time":"2023-06-11T05:02:59.502Z","v":0}
{"name":"Log","hostname":"yoshi-Laptop","pid":26912,"level":30,"version":"5.50.4","msg":"Adding offloaded job to the queue","time":"2023-06-11T05:02:59.889Z","v":0}
{"name":"Log","hostname":"yoshi-Laptop","pid":26912,"level":30,"version":"5.50.4","msg":"Scheduling job clean-expired-comped at 28 25 2 * * *. Next run on: Mon Jun 12 2023 02:25:28 GMT+0900 (日本標準時)","time":"2023-06-11T05:02:59.892Z","v":0}
{"name":"Log","hostname":"yoshi-Laptop","pid":26912,"level":30,"version":"5.50.4","msg":"Adding offloaded job to the queue","time":"2023-06-11T05:02:59.896Z","v":0}
{"name":"Log","hostname":"yoshi-Laptop","pid":26912,"level":30,"version":"5.50.4","msg":"Scheduling job clean-tokens at 44 59 22 * * *. Next run on: Sun Jun 11 2023 22:59:44 GMT+0900 (日本標準時)","time":"2023-06-11T05:02:59.898Z","v":0}
{"name":"Log","hostname":"yoshi-Laptop","pid":26912,"level":30,"version":"5.50.4","msg":"Ghost booted in 2.86s","time":"2023-06-11T05:02:59.941Z","v":0}
{"name":"Log","hostname":"yoshi-Laptop","pid":26912,"level":30,"version":"5.50.4","msg":"Adding offloaded job to the queue","time":"2023-06-11T05:02:59.944Z","v":0}
{"name":"Log","hostname":"yoshi-Laptop","pid":26912,"level":30,"version":"5.50.4","msg":"Scheduling job update-check at 43 27 9 * * *. Next run on: Mon Jun 12 2023 09:27:43 GMT+0900 (日本標準時)","time":"2023-06-11T05:02:59.946Z","v":0}
{"name":"Log","hostname":"yoshi-Laptop","pid":26912,"level":30,"version":"5.50.4","msg":"Running milestone emails job on Sun Jun 11 2023 14:03:04 GMT+0900 (日本標準時)","time":"2023-06-11T05:02:59.954Z","v":0}
{"name":"Log","hostname":"yoshi-Laptop","pid":26912,"level":30,"version":"5.50.4","msg":"Ghost URL Service Ready in 3.286s","time":"2023-06-11T05:03:00.368Z","v":0}
